-----------------------------------------------
------------------ WELDFORM -------------------
----------------- v. 0.4.2.4 ------------------
------------------ 20240510 -------------------
-- 312cc070ff47b86b806b4d289bf72928c19bee2d ---
-----------------------------------------------



---------------------------------------
 Total CPU time: 0.0185686
Calculation Times
Accel: 0.037%,  Density: 0.011%,  Stress: 1.6%,  
Energy: 0.016%,  Contact: 0.019%,  Nb: 0.79%,  Update: 0.0043%,  
Output No. 2 at 9.1e-07 has been generated
Current Time Step = 9.1e-07
Max plastic strain: 0in particle29793
Max Displacements (No Cont Surf): 3 [          0         0         0 ]
Contact Force Sum 260753, Reaction Sum 260753
Contact Friction Work 0
External Forces Work 2.37488
Int Energy: 0.00425279, Kin Energy: 1.33078e-05
-----------------------------------------------------------------------------

---------------------------------------
 Total CPU time: 0.434843
Calculation Times
Accel: 0.61%,  Density: 0.44%,  Stress: 5.9%,  
Energy: 0.18%,  Contact: 0.053%,  Nb: 0.071%,  Update: 0.045%,  
Output No. 3 at 0.0001 has been generated
Current Time Step = 9.1e-07
Max plastic strain: 0.00045in particle3676
Plastic Work 0
Max Displacements (No Cont Surf): 3 [ 0.0001349430.00100096         0 ]
Contact Force Sum 3.69049e+07, Reaction Sum 9.4898e+06
Contact Friction Work 0
External Forces Work 10753.1
Int Energy: 11142.9, Kin Energy: -360.565
-----------------------------------------------------------------------------

---------------------------------------
 Total CPU time: 0.857511
Calculation Times
Accel: 0.62%,  Density: 0.44%,  Stress: 5.9%,  
Energy: 0.17%,  Contact: 0.083%,  Nb: 0.13%,  Update: 0.048%,  
Output No. 4 at 0.0002 has been generated
Current Time Step = 9.1e-07
Max plastic strain: 0.0032in particle3663
Plastic Work 0
Max Displacements (No Cont Surf): 3 [ 0.0002136220.00200015         0 ]
Contact Force Sum 3.39706e+07, Reaction Sum 8.79221e+06
Contact Friction Work 0
External Forces Work 21477.9
Int Energy: 35115.1, Kin Energy: -2088.71
-----------------------------------------------------------------------------

---------------------------------------
 Total CPU time: 1.28645
Calculation Times
Accel: 0.67%,  Density: 0.38%,  Stress: 5.9%,  
Energy: 0.18%,  Contact: 0.1%,  Nb: 0.12%,  Update: 0.073%,  
Output No. 5 at 0.0003 has been generated
Current Time Step = 9.1e-07
Max plastic strain: 0.003in particle3678
Plastic Work 0
Max Displacements (No Cont Surf): 3 [ 0.0004076320.00301742         0 ]
Contact Force Sum 1.00664e+08, Reaction Sum 2.4859e+07
Contact Friction Work 0
External Forces Work 42644.7
Int Energy: 78437.1, Kin Energy: -3938.02
-----------------------------------------------------------------------------

---------------------------------------
 Total CPU time: 1.71445
Calculation Times
Accel: 0.68%,  Density: 0.36%,  Stress: 6%,  
Energy: 0.19%,  Contact: 0.1%,  Nb: 0.15%,  Update: 0.077%,  
Output No. 6 at 0.0004 has been generated
Current Time Step = 9.1e-07
Max plastic strain: 0.005in particle3663
Plastic Work 0
Max Displacements (No Cont Surf): 3 [ 0.0005815920.00402102         0 ]
Contact Force Sum 7.59288e+07, Reaction Sum 1.34746e+07
Contact Friction Work 0
External Forces Work 66940.8
Int Energy: 129115, Kin Energy: -5029.14
-----------------------------------------------------------------------------

---------------------------------------
 Total CPU time: 2.13602
Calculation Times
Accel: 0.69%,  Density: 0.33%,  Stress: 5.9%,  
Energy: 0.19%,  Contact: 0.13%,  Nb: 0.16%,  Update: 0.11%,  
Output No. 7 at 0.0005 has been generated
Current Time Step = 9.1e-07
Max plastic strain: 0.0087in particle3685
Plastic Work 0
Max Displacements (No Cont Surf): 3 [ 0.0007762160.00501371         0 ]
Contact Force Sum 1.04805e+08, Reaction Sum 1.66374e+07
Contact Friction Work 0
External Forces Work 90385.5
Int Energy: 180819, Kin Energy: -6565.17
-----------------------------------------------------------------------------

---------------------------------------
 Total CPU time: 2.55644
Calculation Times
Accel: 0.72%,  Density: 0.35%,  Stress: 5.9%,  
Energy: 0.19%,  Contact: 0.14%,  Nb: 0.16%,  Update: 0.11%,  
Output No. 8 at 0.0006 has been generated
Current Time Step = 9.1e-07
Max plastic strain: 0.016in particle3676
Plastic Work 0
Max Displacements (No Cont Surf): 3 [ 0.0009762640.00600975         0 ]
Contact Force Sum 6.99168e+07, Reaction Sum 1.45642e+07
Contact Friction Work 0
External Forces Work 114379
Int Energy: 232877, Kin Energy: -8517.94
-----------------------------------------------------------------------------

---------------------------------------
 Total CPU time: 2.98107
Calculation Times
Accel: 0.73%,  Density: 0.34%,  Stress: 5.9%,  
Energy: 0.2%,  Contact: 0.14%,  Nb: 0.18%,  Update: 0.1%,  
Output No. 9 at 0.0007 has been generated
Current Time Step = 9.1e-07
Max plastic strain: 0.019in particle3681
Plastic Work 0
Max Displacements (No Cont Surf): 3 [ 0.001170650.00701621         0 ]
Contact Force Sum 6.42524e+07, Reaction Sum 1.78908e+07
Contact Friction Work 0
External Forces Work 138183
Int Energy: 284807, Kin Energy: -10418.3
-----------------------------------------------------------------------------

---------------------------------------
 Total CPU time: 3.40541
Calculation Times
Accel: 0.72%,  Density: 0.34%,  Stress: 5.9%,  
Energy: 0.22%,  Contact: 0.12%,  Nb: 0.18%,  Update: 0.097%,  
Output No. 10 at 0.0008 has been generated
Current Time Step = 9.1e-07
Max plastic strain: 0.0064in particle3673
Plastic Work 0
Max Displacements (No Cont Surf): 3 [ 0.001355030.00801484         0 ]
Contact Force Sum 6.19229e+07, Reaction Sum 1.57175e+07
Contact Friction Work 0
External Forces Work 162148
Int Energy: 337127, Kin Energy: -12127.6
-----------------------------------------------------------------------------

---------------------------------------
 Total CPU time: 3.84093
Calculation Times
Accel: 0.74%,  Density: 0.34%,  Stress: 5.9%,  
Energy: 0.22%,  Contact: 0.12%,  Nb: 0.19%,  Update: 0.088%,  
Output No. 11 at 0.0009 has been generated
Current Time Step = 9.1e-07
Max plastic strain: 0.02in particle3672
Plastic Work 0
Max Displacements (No Cont Surf): 3 [ 0.001557870.00902126         0 ]
Contact Force Sum 5.53036e+07, Reaction Sum 1.47971e+07
Contact Friction Work 0
External Forces Work 186227
Int Energy: 389477, Kin Energy: -12530.3
-----------------------------------------------------------------------------

---------------------------------------
 Total CPU time: 4.26578
Calculation Times
Accel: 0.73%,  Density: 0.32%,  Stress: 5.9%,  
Energy: 0.22%,  Contact: 0.13%,  Nb: 0.19%,  Update: 0.093%,  
Output No. 12 at 0.001 has been generated
Current Time Step = 9.1e-07
Max plastic strain: 0.026in particle3682
Plastic Work 0
Max Displacements (No Cont Surf): 3 [ 0.00176109 0.0100152         0 ]
Contact Force Sum 2.51988e+07, Reaction Sum 748141
Contact Friction Work 0
External Forces Work 209956
Int Energy: 441445, Kin Energy: -14203.9
-----------------------------------------------------------------------------

---------------------------------------
 Total CPU time: 4.69939
Calculation Times
Accel: 0.73%,  Density: 0.31%,  Stress: 5.9%,  
Energy: 0.22%,  Contact: 0.12%,  Nb: 0.2%,  Update: 0.092%,  
Output No. 13 at 0.0011 has been generated
Current Time Step = 9.1e-07
Max plastic strain: 0.024in particle3675
Plastic Work 0
Max Displacements (No Cont Surf): 3 [ 0.00196873 0.0110149         0 ]
Contact Force Sum 4.63964e+07, Reaction Sum 1.15577e+07
Contact Friction Work 0
External Forces Work 234225
Int Energy: 493912, Kin Energy: -16581
-----------------------------------------------------------------------------

---------------------------------------
 Total CPU time: 5.12918
Calculation Times
Accel: 0.73%,  Density: 0.3%,  Stress: 5.9%,  
Energy: 0.22%,  Contact: 0.13%,  Nb: 0.2%,  Update: 0.094%,  
Output No. 14 at 0.0012 has been generated
Current Time Step = 9.1e-07
Max plastic strain: 0.025in particle3685
Plastic Work 0
Max Displacements (No Cont Surf): 3 [ 0.00218027 0.0120326         0 ]
Contact Force Sum 5.13678e+07, Reaction Sum 1.33526e+07
Contact Friction Work 0
External Forces Work 258429
Int Energy: 546889, Kin Energy: -19017.8
-----------------------------------------------------------------------------

---------------------------------------
 Total CPU time: 5.55787
Calculation Times
Accel: 0.72%,  Density: 0.31%,  Stress: 5.9%,  
Energy: 0.23%,  Contact: 0.13%,  Nb: 0.21%,  Update: 0.088%,  
Output No. 15 at 0.0013 has been generated
Current Time Step = 9.1e-07
Max plastic strain: 0.035in particle3686
Plastic Work 0
Max Displacements (No Cont Surf): 3 [ 0.00238565 0.0130243         0 ]
Contact Force Sum 6.54883e+07, Reaction Sum 9.90842e+06
Contact Friction Work 0
External Forces Work 282680
Int Energy: 599851, Kin Energy: -21484.6
-----------------------------------------------------------------------------

---------------------------------------
 Total CPU time: 5.97963
Calculation Times
Accel: 0.72%,  Density: 0.31%,  Stress: 5.9%,  
Energy: 0.22%,  Contact: 0.13%,  Nb: 0.2%,  Update: 0.086%,  
Output No. 16 at 0.0014 has been generated
Current Time Step = 9.1e-07
Max plastic strain: 0.038in particle3682
Plastic Work 0
Max Displacements (No Cont Surf): 3 [ 0.00259211 0.0140275         0 ]
Contact Force Sum 6.00562e+07, Reaction Sum 1.63881e+07
Contact Friction Work 0
External Forces Work 307018
Int Energy: 652949, Kin Energy: -22899.1
-----------------------------------------------------------------------------

---------------------------------------
 Total CPU time: 6.3946
Calculation Times
Accel: 0.73%,  Density: 0.31%,  Stress: 5.9%,  
Energy: 0.22%,  Contact: 0.12%,  Nb: 0.21%,  Update: 0.084%,  
Output No. 17 at 0.0015 has been generated
Current Time Step = 9.1e-07
Max plastic strain: 0.036in particle3684
Plastic Work 0
Max Displacements (No Cont Surf): 3 [  0.0027893 0.0150188         0 ]
Contact Force Sum 5.01945e+07, Reaction Sum 9.46496e+06
Contact Friction Work 0
External Forces Work 331154
Int Energy: 704980, Kin Energy: -25406.2
-----------------------------------------------------------------------------

---------------------------------------
 Total CPU time: 6.81143
Calculation Times
Accel: 0.74%,  Density: 0.3%,  Stress: 5.9%,  
Energy: 0.22%,  Contact: 0.12%,  Nb: 0.21%,  Update: 0.085%,  
Output No. 18 at 0.0016 has been generated
Current Time Step = 9.1e-07
Max plastic strain: 0.039in particle3684
Plastic Work 0
Max Displacements (No Cont Surf): 3 [ 0.00300222 0.0160137         0 ]
Contact Force Sum 1.05132e+08, Reaction Sum 1.89918e+07
Contact Friction Work 0
External Forces Work 355687
Int Energy: 758188, Kin Energy: -27761.8
-----------------------------------------------------------------------------

---------------------------------------
 Total CPU time: 7.229
Calculation Times
Accel: 0.75%,  Density: 0.3%,  Stress: 5.9%,  
Energy: 0.22%,  Contact: 0.12%,  Nb: 0.21%,  Update: 0.085%,  
Output No. 19 at 0.0017 has been generated
Current Time Step = 9.1e-07
Max plastic strain: 0.046in particle3687
Plastic Work 0
Max Displacements (No Cont Surf): 3 [ 0.00320903 0.0170182         0 ]
Contact Force Sum 9.57283e+07, Reaction Sum 1.2908e+07
Contact Friction Work 0
External Forces Work 380262
Int Energy: 811380, Kin Energy: -28874.6
-----------------------------------------------------------------------------

---------------------------------------
 Total CPU time: 7.64518
Calculation Times
Accel: 0.75%,  Density: 0.3%,  Stress: 5.9%,  
Energy: 0.22%,  Contact: 0.12%,  Nb: 0.21%,  Update: 0.083%,  
Output No. 20 at 0.0018 has been generated
Current Time Step = 9.1e-07
Max plastic strain: 0.049in particle3686
Plastic Work 0
Max Displacements (No Cont Surf): 3 [ 0.00341862 0.0180092         0 ]
Contact Force Sum 1.14193e+08, Reaction Sum 2.56372e+07
Contact Friction Work 0
External Forces Work 404868
Int Energy: 864546, Kin Energy: -31241.3
-----------------------------------------------------------------------------

---------------------------------------
 Total CPU time: 8.06092
Calculation Times
Accel: 0.75%,  Density: 0.3%,  Stress: 5.9%,  
Energy: 0.21%,  Contact: 0.13%,  Nb: 0.21%,  Update: 0.086%,  
Output No. 21 at 0.0019 has been generated
Current Time Step = 9.1e-07
Max plastic strain: 0.052in particle3682
Plastic Work 0
Max Displacements (No Cont Surf): 3 [ 0.00361582 0.0190244         0 ]
Contact Force Sum 8.97979e+07, Reaction Sum 2.1298e+07
Contact Friction Work 0
External Forces Work 429520
Int Energy: 917518, Kin Energy: -32048.3
-----------------------------------------------------------------------------

---------------------------------------
 Total CPU time: 8.47438
Calculation Times
Accel: 0.75%,  Density: 0.3%,  Stress: 5.9%,  
Energy: 0.22%,  Contact: 0.13%,  Nb: 0.21%,  Update: 0.083%,  
Output No. 22 at 0.002 has been generated
Current Time Step = 9.1e-07
Max plastic strain: 0.026in particle3678
Plastic Work 0
Max Displacements (No Cont Surf): 3 [ 0.00381394 0.0200274         0 ]
Contact Force Sum 1.08294e+08, Reaction Sum 1.98808e+07
Contact Friction Work 0
External Forces Work 454021
Int Energy: 970342, Kin Energy: -34929.5
-----------------------------------------------------------------------------

---------------------------------------
 Total CPU time: 8.89434
Calculation Times
Accel: 0.75%,  Density: 0.3%,  Stress: 5.9%,  
Energy: 0.22%,  Contact: 0.13%,  Nb: 0.21%,  Update: 0.083%,  
Output No. 23 at 0.0021 has been generated
Current Time Step = 9.1e-07
Max plastic strain: 0.053in particle3661
Plastic Work 0
Max Displacements (No Cont Surf): 3 [ 0.00401473  0.021014         0 ]
Contact Force Sum 7.46981e+07, Reaction Sum 1.94958e+07
Contact Friction Work 0
External Forces Work 478767
Int Energy: 1.02343e+06, Kin Energy: -36094.1
-----------------------------------------------------------------------------

---------------------------------------
 Total CPU time: 9.31346
Calculation Times
Accel: 0.75%,  Density: 0.3%,  Stress: 5.9%,  
Energy: 0.22%,  Contact: 0.13%,  Nb: 0.21%,  Update: 0.081%,  
Output No. 24 at 0.0022 has been generated
Current Time Step = 9.1e-07
Max plastic strain: 0.06in particle3675
Plastic Work 0
Max Displacements (No Cont Surf): 3 [ 0.00420967 0.0220149         0 ]
Contact Force Sum 8.54965e+07, Reaction Sum 2.22635e+07
Contact Friction Work 0
External Forces Work 503544
Int Energy: 1.07723e+06, Kin Energy: -37930.3
-----------------------------------------------------------------------------

---------------------------------------
 Total CPU time: 9.73437
Calculation Times
Accel: 0.75%,  Density: 0.3%,  Stress: 5.9%,  
Energy: 0.21%,  Contact: 0.13%,  Nb: 0.21%,  Update: 0.079%,  
Output No. 25 at 0.0023 has been generated
Current Time Step = 9.1e-07
Max plastic strain: 0.032in particle3678
Plastic Work 0
Max Displacements (No Cont Surf): 3 [   0.004408  0.023021         0 ]
Contact Force Sum 9.95997e+07, Reaction Sum 2.04161e+07
Contact Friction Work 0
External Forces Work 528356
Int Energy: 1.13117e+06, Kin Energy: -40106.6
-----------------------------------------------------------------------------

---------------------------------------
 Total CPU time: 10.1499
Calculation Times
Accel: 0.75%,  Density: 0.29%,  Stress: 5.9%,  
Energy: 0.21%,  Contact: 0.13%,  Nb: 0.21%,  Update: 0.078%,  
Output No. 26 at 0.0024 has been generated
Current Time Step = 9.1e-07
Max plastic strain: 0.034in particle3687
Plastic Work 0
Max Displacements (No Cont Surf): 3 [ 0.00459788 0.0240291         0 ]
Contact Force Sum 8.32611e+07, Reaction Sum 1.41965e+07
Contact Friction Work 0
External Forces Work 553257
Int Energy: 1.18522e+06, Kin Energy: -42191.8
-----------------------------------------------------------------------------

---------------------------------------
 Total CPU time: 10.5618
Calculation Times
Accel: 0.76%,  Density: 0.29%,  Stress: 5.9%,  
Energy: 0.21%,  Contact: 0.13%,  Nb: 0.21%,  Update: 0.077%,  
Output No. 27 at 0.0025 has been generated
Current Time Step = 9.1e-07
Max plastic strain: 0.063in particle3683
Plastic Work 0
Max Displacements (No Cont Surf): 3 [ 0.00480426 0.0250189         0 ]
Contact Force Sum 5.63728e+07, Reaction Sum 7.84487e+06
Contact Friction Work 0
External Forces Work 577926
Int Energy: 1.23843e+06, Kin Energy: -44534.2
-----------------------------------------------------------------------------

---------------------------------------
 Total CPU time: 10.9797
Calculation Times
Accel: 0.76%,  Density: 0.29%,  Stress: 5.9%,  
Energy: 0.21%,  Contact: 0.13%,  Nb: 0.2%,  Update: 0.081%,  
Output No. 28 at 0.0026 has been generated
Current Time Step = 9.1e-07
Max plastic strain: 0.066in particle3677
Plastic Work 0
Max Displacements (No Cont Surf): 3 [ 0.00500593 0.0260126         0 ]
Contact Force Sum 5.17871e+07, Reaction Sum 9.75904e+06
Contact Friction Work 0
External Forces Work 602965
Int Energy: 1.29213e+06, Kin Energy: -47513.8
-----------------------------------------------------------------------------
